Determining if the pthread_create exist failed with the following output:
Change Dir: /home/robot/catkin_ws/build/CMakeFiles/CMakeTmp

Run Build Command:"/usr/bin/make" "cmTryCompileExec2269927122/fast"
/usr/bin/make -f CMakeFiles/cmTryCompileExec2269927122.dir/build.make CMakeFiles/cmTryCompileExec2269927122.dir/build
make[1]: Entering directory '/home/robot/catkin_ws/build/CMakeFiles/CMakeTmp'
/usr/local/bin/cmake -E cmake_progress_report /home/robot/catkin_ws/build/CMakeFiles/CMakeTmp/CMakeFiles 1
Building C object CMakeFiles/cmTryCompileExec2269927122.dir/CheckSymbolExists.c.o
/usr/bin/cc    -o CMakeFiles/cmTryCompileExec2269927122.dir/CheckSymbolExists.c.o   -c /home/robot/catkin_ws/build/CMakeFiles/CMakeTmp/CheckSymbolExists.c
Linking C executable cmTryCompileExec2269927122
/usr/local/bin/cmake -E cmake_link_script CMakeFiles/cmTryCompileExec2269927122.dir/link.txt --verbose=1
/usr/bin/cc       CMakeFiles/cmTryCompileExec2269927122.dir/CheckSymbolExists.c.o  -o cmTryCompileExec2269927122 -rdynamic 
CMakeFiles/cmTryCompileExec2269927122.dir/CheckSymbolExists.c.o: In function `main':
CheckSymbolExists.c:(.text+0x16): undefined reference to `pthread_create'
collect2: error: ld returned 1 exit status
CMakeFiles/cmTryCompileExec2269927122.dir/build.make:88: recipe for target 'cmTryCompileExec2269927122' failed
make[1]: *** [cmTryCompileExec2269927122] Error 1
make[1]: Leaving directory '/home/robot/catkin_ws/build/CMakeFiles/CMakeTmp'
Makefile:117: recipe for target 'cmTryCompileExec2269927122/fast' failed
make: *** [cmTryCompileExec2269927122/fast] Error 2

File /home/robot/catkin_ws/build/CMakeFiles/CMakeTmp/CheckSymbolExists.c:
/* */
#include <pthread.h>

int main(int argc, char** argv)
{
  (void)argv;
#ifndef pthread_create
  return ((int*)(&pthread_create))[argc];
#else
  (void)argc;
  return 0;
#endif
}

Determining if the function pthread_create exists in the pthreads failed with the following output:
Change Dir: /home/robot/catkin_ws/build/CMakeFiles/CMakeTmp

Run Build Command:"/usr/bin/make" "cmTryCompileExec3659358977/fast"
/usr/bin/make -f CMakeFiles/cmTryCompileExec3659358977.dir/build.make CMakeFiles/cmTryCompileExec3659358977.dir/build
make[1]: Entering directory '/home/robot/catkin_ws/build/CMakeFiles/CMakeTmp'
/usr/local/bin/cmake -E cmake_progress_report /home/robot/catkin_ws/build/CMakeFiles/CMakeTmp/CMakeFiles 1
Building C object CMakeFiles/cmTryCompileExec3659358977.dir/CheckFunctionExists.c.o
/usr/bin/cc   -DCHECK_FUNCTION_EXISTS=pthread_create   -o CMakeFiles/cmTryCompileExec3659358977.dir/CheckFunctionExists.c.o   -c /usr/local/share/cmake-3.2/Modules/CheckFunctionExists.c
Linking C executable cmTryCompileExec3659358977
/usr/local/bin/cmake -E cmake_link_script CMakeFiles/cmTryCompileExec3659358977.dir/link.txt --verbose=1
/usr/bin/cc   -DCHECK_FUNCTION_EXISTS=pthread_create    CMakeFiles/cmTryCompileExec3659358977.dir/CheckFunctionExists.c.o  -o cmTryCompileExec3659358977 -rdynamic -lpthreads 
/usr/bin/ld: cannot find -lpthreads
collect2: error: ld returned 1 exit status
CMakeFiles/cmTryCompileExec3659358977.dir/build.make:88: recipe for target 'cmTryCompileExec3659358977' failed
make[1]: *** [cmTryCompileExec3659358977] Error 1
make[1]: Leaving directory '/home/robot/catkin_ws/build/CMakeFiles/CMakeTmp'
Makefile:117: recipe for target 'cmTryCompileExec3659358977/fast' failed
make: *** [cmTryCompileExec3659358977/fast] Error 2


